build/app/intermediates/manifest_merge_blame_file/debug/manifest-merger-blame-debug-report.txt
1<?xml version="1.0" encoding="utf-8"?>
2<manifest xmlns:android="http://schemas.android.com/apk/res/android"
3    package="com.example.codia_demo_flutter"
4    android:versionCode="1"
5    android:versionName="1.0.0" >
6
7    <uses-sdk
8        android:minSdkVersion="21"
9        android:targetSdkVersion="34" />
10    <!--
11         The INTERNET permission is required for development. Specifically,
12         the Flutter tool needs it to communicate with the running application
13         to allow setting breakpoints, to provide hot reload, etc.
14    -->
15    <uses-permission android:name="android.permission.INTERNET" />
15-->src\debug\AndroidManifest.xml:6:5-66
15-->src\debug\AndroidManifest.xml:6:22-64
16
17    <permission
17-->[androidx.core:core:1.13.1] AndroidManifest.xml:22:5-24:47
18        android:name="com.example.codia_demo_flutter.DYNAMIC_RECEIVER_NOT_EXPORTED_PERMISSION"
18-->[androidx.core:core:1.13.1] AndroidManifest.xml:23:9-81
19        android:protectionLevel="signature" />
19-->[androidx.core:core:1.13.1] AndroidManifest.xml:24:9-44
20
21    <uses-permission android:name="com.example.codia_demo_flutter.DYNAMIC_RECEIVER_NOT_EXPORTED_PERMISSION" />
21-->[androidx.core:core:1.13.1] AndroidManifest.xml:26:5-97
21-->[androidx.core:core:1.13.1] AndroidManifest.xml:26:22-94
22
23    <application
23-->src\main\AndroidManifest.xml:2:5-30:19
24        android:appComponentFactory="androidx.core.app.CoreComponentFactory"
24-->[androidx.core:core:1.13.1] AndroidManifest.xml:28:18-86
25        android:debuggable="true"
26        android:icon="@mipmap/ic_launcher"
26-->src\main\AndroidManifest.xml:4:9-43
27        android:label="MyCup" >
27-->src\main\AndroidManifest.xml:3:9-30
28        <activity
28-->src\main\AndroidManifest.xml:6:9-23:20
29            android:name="com.example.codia_demo_flutter.MainActivity"
29-->src\main\AndroidManifest.xml:7:13-41
30            android:configChanges="orientation|keyboardHidden|keyboard|screenSize|smallestScreenSize|locale|layoutDirection|fontScale|screenLayout|density|uiMode"
30-->src\main\AndroidManifest.xml:11:13-163
31            android:exported="true"
31-->src\main\AndroidManifest.xml:8:13-36
32            android:hardwareAccelerated="true"
32-->src\main\AndroidManifest.xml:12:13-47
33            android:launchMode="singleTop"
33-->src\main\AndroidManifest.xml:9:13-43
34            android:theme="@style/LaunchTheme"
34-->src\main\AndroidManifest.xml:10:13-47
35            android:windowSoftInputMode="adjustResize" >
35-->src\main\AndroidManifest.xml:13:13-55
36            <meta-data
36-->src\main\AndroidManifest.xml:15:13-17:56
37                android:name="io.flutter.embedding.android.NormalTheme"
37-->src\main\AndroidManifest.xml:16:17-72
38                android:resource="@style/NormalTheme" />
38-->src\main\AndroidManifest.xml:17:17-54
39
40            <intent-filter>
40-->src\main\AndroidManifest.xml:19:13-22:29
41                <action android:name="android.intent.action.MAIN" />
41-->src\main\AndroidManifest.xml:20:17-68
41-->src\main\AndroidManifest.xml:20:25-66
42
43                <category android:name="android.intent.category.LAUNCHER" />
43-->src\main\AndroidManifest.xml:21:17-76
43-->src\main\AndroidManifest.xml:21:27-74
44            </intent-filter>
45        </activity>
46
47        <!--
48             Jangan hapus meta-data berikut ini. 
49             Ini digunakan oleh Flutter untuk membuat GeneratedPluginRegistrant.java
50        -->
51        <meta-data
51-->src\main\AndroidManifest.xml:27:9-29:32
52            android:name="flutterEmbedding"
52-->src\main\AndroidManifest.xml:28:13-44
53            android:value="2" />
53-->src\main\AndroidManifest.xml:29:13-30
54
55        <uses-library
55-->[androidx.window:window:1.2.0] AndroidManifest.xml:23:9-25:40
56            android:name="androidx.window.extensions"
56-->[androidx.window:window:1.2.0] AndroidManifest.xml:24:13-54
57            android:required="false" />
57-->[androidx.window:window:1.2.0] AndroidManifest.xml:25:13-37
58        <uses-library
58-->[androidx.window:window:1.2.0] AndroidManifest.xml:26:9-28:40
59            android:name="androidx.window.sidecar"
59-->[androidx.window:window:1.2.0] AndroidManifest.xml:27:13-51
60            android:required="false" />
60-->[androidx.window:window:1.2.0] AndroidManifest.xml:28:13-37
61
62        <provider
62-->[androidx.lifecycle:lifecycle-process:2.7.0] AndroidManifest.xml:24:9-32:20
63            android:name="androidx.startup.InitializationProvider"
63-->[androidx.lifecycle:lifecycle-process:2.7.0] AndroidManifest.xml:25:13-67
64            android:authorities="com.example.codia_demo_flutter.androidx-startup"
64-->[androidx.lifecycle:lifecycle-process:2.7.0] AndroidManifest.xml:26:13-68
65            android:exported="false" >
65-->[androidx.lifecycle:lifecycle-process:2.7.0] AndroidManifest.xml:27:13-37
66            <meta-data
66-->[androidx.lifecycle:lifecycle-process:2.7.0] AndroidManifest.xml:29:13-31:52
67                android:name="androidx.lifecycle.ProcessLifecycleInitializer"
67-->[androidx.lifecycle:lifecycle-process:2.7.0] AndroidManifest.xml:30:17-78
68                android:value="androidx.startup" />
68-->[androidx.lifecycle:lifecycle-process:2.7.0] AndroidManifest.xml:31:17-49
69            <meta-data
69-->[androidx.profileinstaller:profileinstaller:1.3.1] AndroidManifest.xml:29:13-31:52
70                android:name="androidx.profileinstaller.ProfileInstallerInitializer"
70-->[androidx.profileinstaller:profileinstaller:1.3.1] AndroidManifest.xml:30:17-85
71                android:value="androidx.startup" />
71-->[androidx.profileinstaller:profileinstaller:1.3.1] AndroidManifest.xml:31:17-49
72        </provider>
73
74        <receiver
74-->[androidx.profileinstaller:profileinstaller:1.3.1] AndroidManifest.xml:34:9-52:20
75            android:name="androidx.profileinstaller.ProfileInstallReceiver"
75-->[androidx.profileinstaller:profileinstaller:1.3.1] AndroidManifest.xml:35:13-76
76            android:directBootAware="false"
76-->[androidx.profileinstaller:profileinstaller:1.3.1] AndroidManifest.xml:36:13-44
77            android:enabled="true"
77-->[androidx.profileinstaller:profileinstaller:1.3.1] AndroidManifest.xml:37:13-35
78            android:exported="true"
78-->[androidx.profileinstaller:profileinstaller:1.3.1] AndroidManifest.xml:38:13-36
79            android:permission="android.permission.DUMP" >
79-->[androidx.profileinstaller:profileinstaller:1.3.1] AndroidManifest.xml:39:13-57
80            <intent-filter>
80-->[androidx.profileinstaller:profileinstaller:1.3.1] AndroidManifest.xml:40:13-42:29
81                <action android:name="androidx.profileinstaller.action.INSTALL_PROFILE" />
81-->[androidx.profileinstaller:profileinstaller:1.3.1] AndroidManifest.xml:41:17-91
81-->[androidx.profileinstaller:profileinstaller:1.3.1] AndroidManifest.xml:41:25-88
82            </intent-filter>
83            <intent-filter>
83-->[androidx.profileinstaller:profileinstaller:1.3.1] AndroidManifest.xml:43:13-45:29
84                <action android:name="androidx.profileinstaller.action.SKIP_FILE" />
84-->[androidx.profileinstaller:profileinstaller:1.3.1] AndroidManifest.xml:44:17-85
84-->[androidx.profileinstaller:profileinstaller:1.3.1] AndroidManifest.xml:44:25-82
85            </intent-filter>
86            <intent-filter>
86-->[androidx.profileinstaller:profileinstaller:1.3.1] AndroidManifest.xml:46:13-48:29
87                <action android:name="androidx.profileinstaller.action.SAVE_PROFILE" />
87-->[androidx.profileinstaller:profileinstaller:1.3.1] AndroidManifest.xml:47:17-88
87-->[androidx.profileinstaller:profileinstaller:1.3.1] AndroidManifest.xml:47:25-85
88            </intent-filter>
89            <intent-filter>
89-->[androidx.profileinstaller:profileinstaller:1.3.1] AndroidManifest.xml:49:13-51:29
90                <action android:name="androidx.profileinstaller.action.BENCHMARK_OPERATION" />
90-->[androidx.profileinstaller:profileinstaller:1.3.1] AndroidManifest.xml:50:17-95
90-->[androidx.profileinstaller:profileinstaller:1.3.1] AndroidManifest.xml:50:25-92
91            </intent-filter>
92        </receiver>
93    </application>
94
95</manifest>